A Família Addams 2: Pé na Estrada Animação,Aventura,Comédia,Família
A Era do Gelo: As Aventuras de Buck Animação,Comédia,Aventura,Família
Diário de um Banana Animação,Comédia,Família
Encanto Animação,Comédia,Família,Fantasia
Luca Animação,Comédia,Família,Fantasia
Os Simpsons em Plusniversário Animação,Comédia,Fantasia
Patrulha Canina: O Filme Animação,Família,Aventura,Comédia
Ron Bugado Animação,Ficção científica,Família,Comédia
007: Sem Tempo para Morrer Aventura,Ação,Thriller
Uncharted: Fora do Mapa Ação,Aventura
O Esquadrão Suicida Ação,Aventura,Fantasia
Liga da Justiça de Zack Snyder Ação,Aventura,Fantasia,Ficção científica
Homem-Aranha: Sem Volta Para Casa Ação,Aventura,Ficção científica
Alerta Vermelho Ação,Comédia,Crime,Thriller
Infiltrado Ação,Crime,Thriller
The Commando Ação,Crime,Thriller
Velozes  Furiosos 9 Ação,Crime,Thriller,Aventura
O Último Duelo Ação,Drama,História
Mortal Kombat Ação,Fantasia,Aventura
Cruella Comédia,Crime
Batman Crime,Mistério,Thriller
Dog Drama,Comédia
Casa Gucci Drama,Crime,Thriller
Ghostbusters: Mais Além Fantasia,Comédia,Aventura
Witch Hunt Fantasia,Terror,Thriller,Drama
Matrix Resurrections Ficção científica,Ação,Aventura
Venom: Tempo de Carnificina Ficção científica,Ação,Aventura
Exorcismo Sagrado Terror
Resident Evil: Bem-Vindo a Raccoon City Terror,Ação,Ficção científica
Gold Thriller,Ação
null
