163
122
112
114
128
133
133
124
121
119
117
118
116
119
119
126
125
126
125
126
127
121
120
119
119
118
118
119
118
117
118
117
119
118
119
118
118
118
118
(R) Duna
(R) Emboscada
(R) Encontros
(R) Free Guy: Assumindo o Controle
118
117
117
116
(R) G.I. Joe Origens: Snake Eyes
117
117
116
(R) Golpes de Vingança
(R) Kimi: Alguém Está Escutando
(R) Licorice Pizza
(R) Morte no Nilo
[3] Mulher-Gato: A Caçada Catwoman: Hunted 22/02/2022 78 Animação,Ação,Crime Inglês Lançado 0.0 [dc comics, superhero]
